{"C:\\Users\\Владимир\\IdeaProjects\\stellar-burgers-case-study-main\\src\\services\\store.ts": {"path":"C:\\Users\\Владимир\\IdeaProjects\\stellar-burgers-case-study-main\\src\\services\\store.ts","statementMap":{"0":{"start":{"line":14,"column":27},"end":{"line":20,"column":2}},"1":{"start":{"line":22,"column":14},"end":{"line":25,"column":2}},"2":{"start":{"line":30,"column":46},"end":{"line":30,"column":66}},"3":{"start":{"line":30,"column":52},"end":{"line":30,"column":66}},"4":{"start":{"line":31,"column":60},"end":{"line":31,"column":72}}},"fnMap":{"0":{"name":"(anonymous_0)","decl":{"start":{"line":30,"column":46},"end":{"line":30,"column":47}},"loc":{"start":{"line":30,"column":52},"end":{"line":30,"column":66}},"line":30}},"branchMap":{},"s":{"0":1,"1":1,"2":1,"3":0,"4":1},"f":{"0":0},"b":{},"_coverageSchema":"1a1c01bbd47fc00a2c39e90264f33305004495a9","hash":"5480a03c0d5be64a6dd10cbb2b827ac3fdf3583f"}
,"C:\\Users\\Владимир\\IdeaProjects\\stellar-burgers-case-study-main\\src\\slices\\burgerConstructorSlice.ts": {"path":"C:\\Users\\Владимир\\IdeaProjects\\stellar-burgers-case-study-main\\src\\slices\\burgerConstructorSlice.ts","statementMap":{"0":{"start":{"line":11,"column":47},"end":{"line":16,"column":1}},"1":{"start":{"line":18,"column":38},"end":{"line":66,"column":2}},"2":{"start":{"line":23,"column":60},"end":{"line":26,"column":7}},"3":{"start":{"line":28,"column":6},"end":{"line":30,"column":73}},"4":{"start":{"line":34,"column":6},"end":{"line":37,"column":10}},"5":{"start":{"line":36,"column":26},"end":{"line":36,"column":58}},"6":{"start":{"line":41,"column":20},"end":{"line":41,"column":34}},"7":{"start":{"line":42,"column":6},"end":{"line":45,"column":7}},"8":{"start":{"line":43,"column":22},"end":{"line":43,"column":56}},"9":{"start":{"line":44,"column":8},"end":{"line":44,"column":76}},"10":{"start":{"line":49,"column":20},"end":{"line":49,"column":34}},"11":{"start":{"line":50,"column":6},"end":{"line":53,"column":7}},"12":{"start":{"line":51,"column":22},"end":{"line":51,"column":56}},"13":{"start":{"line":52,"column":8},"end":{"line":52,"column":76}},"14":{"start":{"line":57,"column":6},"end":{"line":60,"column":8}},"15":{"start":{"line":64,"column":39},"end":{"line":64,"column":61}},"16":{"start":{"line":68,"column":42},"end":{"line":68,"column":74}},"17":{"start":{"line":75,"column":4},"end":{"line":75,"column":34}}},"fnMap":{"0":{"name":"(anonymous_0)","decl":{"start":{"line":22,"column":20},"end":{"line":22,"column":21}},"loc":{"start":{"line":22,"column":67},"end":{"line":31,"column":5}},"line":22},"1":{"name":"(anonymous_1)","decl":{"start":{"line":33,"column":22},"end":{"line":33,"column":23}},"loc":{"start":{"line":33,"column":64},"end":{"line":38,"column":5}},"line":33},"2":{"name":"(anonymous_2)","decl":{"start":{"line":36,"column":10},"end":{"line":36,"column":11}},"loc":{"start":{"line":36,"column":26},"end":{"line":36,"column":58}},"line":36},"3":{"name":"(anonymous_3)","decl":{"start":{"line":40,"column":24},"end":{"line":40,"column":25}},"loc":{"start":{"line":40,"column":66},"end":{"line":46,"column":5}},"line":40},"4":{"name":"(anonymous_4)","decl":{"start":{"line":48,"column":22},"end":{"line":48,"column":23}},"loc":{"start":{"line":48,"column":64},"end":{"line":54,"column":5}},"line":48},"5":{"name":"(anonymous_5)","decl":{"start":{"line":56,"column":22},"end":{"line":56,"column":23}},"loc":{"start":{"line":56,"column":33},"end":{"line":61,"column":5}},"line":56},"6":{"name":"(anonymous_6)","decl":{"start":{"line":64,"column":28},"end":{"line":64,"column":29}},"loc":{"start":{"line":64,"column":39},"end":{"line":64,"column":61}},"line":64}},"branchMap":{"0":{"loc":{"start":{"line":28,"column":6},"end":{"line":30,"column":72}},"type":"cond-expr","locations":[{"start":{"line":29,"column":11},"end":{"line":29,"column":61}},{"start":{"line":30,"column":10},"end":{"line":30,"column":72}}],"line":28},"1":{"loc":{"start":{"line":42,"column":6},"end":{"line":45,"column":7}},"type":"if","locations":[{"start":{"line":42,"column":6},"end":{"line":45,"column":7}},{"start":{},"end":{}}],"line":42},"2":{"loc":{"start":{"line":50,"column":6},"end":{"line":53,"column":7}},"type":"if","locations":[{"start":{"line":50,"column":6},"end":{"line":53,"column":7}},{"start":{},"end":{}}],"line":50}},"s":{"0":2,"1":2,"2":1,"3":1,"4":1,"5":2,"6":1,"7":1,"8":1,"9":1,"10":1,"11":1,"12":1,"13":1,"14":1,"15":0,"16":2,"17":2},"f":{"0":1,"1":1,"2":2,"3":1,"4":1,"5":1,"6":0},"b":{"0":[0,1],"1":[1,0],"2":[1,0]},"_coverageSchema":"1a1c01bbd47fc00a2c39e90264f33305004495a9","hash":"6e3764140a7372cd62bed9d58150bee2f8f40a05"}
,"C:\\Users\\Владимир\\IdeaProjects\\stellar-burgers-case-study-main\\src\\slices\\feedSlice.ts": {"path":"C:\\Users\\Владимир\\IdeaProjects\\stellar-burgers-case-study-main\\src\\slices\\feedSlice.ts","statementMap":{"0":{"start":{"line":13,"column":43},"end":{"line":19,"column":1}},"1":{"start":{"line":21,"column":23},"end":{"line":21,"column":76}},"2":{"start":{"line":21,"column":62},"end":{"line":21,"column":75}},"3":{"start":{"line":22,"column":25},"end":{"line":24,"column":1}},"4":{"start":{"line":23,"column":2},"end":{"line":23,"column":16}},"5":{"start":{"line":26,"column":18},"end":{"line":67,"column":2}},"6":{"start":{"line":31,"column":36},"end":{"line":31,"column":55}},"7":{"start":{"line":32,"column":29},"end":{"line":32,"column":41}},"8":{"start":{"line":33,"column":28},"end":{"line":33,"column":39}},"9":{"start":{"line":34,"column":33},"end":{"line":34,"column":49}},"10":{"start":{"line":37,"column":4},"end":{"line":65,"column":9}},"11":{"start":{"line":39,"column":8},"end":{"line":39,"column":35}},"12":{"start":{"line":40,"column":8},"end":{"line":40,"column":31}},"13":{"start":{"line":43,"column":8},"end":{"line":43,"column":35}},"14":{"start":{"line":44,"column":8},"end":{"line":44,"column":31}},"15":{"start":{"line":47,"column":8},"end":{"line":47,"column":36}},"16":{"start":{"line":48,"column":8},"end":{"line":48,"column":31}},"17":{"start":{"line":49,"column":8},"end":{"line":49,"column":45}},"18":{"start":{"line":50,"column":8},"end":{"line":50,"column":43}},"19":{"start":{"line":51,"column":8},"end":{"line":51,"column":53}},"20":{"start":{"line":54,"column":8},"end":{"line":54,"column":36}},"21":{"start":{"line":55,"column":8},"end":{"line":55,"column":31}},"22":{"start":{"line":56,"column":8},"end":{"line":56,"column":38}},"23":{"start":{"line":59,"column":8},"end":{"line":59,"column":36}},"24":{"start":{"line":60,"column":8},"end":{"line":60,"column":57}},"25":{"start":{"line":63,"column":8},"end":{"line":63,"column":36}},"26":{"start":{"line":64,"column":8},"end":{"line":64,"column":57}},"27":{"start":{"line":74,"column":4},"end":{"line":74,"column":23}}},"fnMap":{"0":{"name":"(anonymous_0)","decl":{"start":{"line":21,"column":56},"end":{"line":21,"column":57}},"loc":{"start":{"line":21,"column":62},"end":{"line":21,"column":75}},"line":21},"1":{"name":"(anonymous_1)","decl":{"start":{"line":22,"column":60},"end":{"line":22,"column":61}},"loc":{"start":{"line":23,"column":2},"end":{"line":23,"column":16}},"line":23},"2":{"name":"(anonymous_2)","decl":{"start":{"line":31,"column":25},"end":{"line":31,"column":26}},"loc":{"start":{"line":31,"column":36},"end":{"line":31,"column":55}},"line":31},"3":{"name":"(anonymous_3)","decl":{"start":{"line":32,"column":18},"end":{"line":32,"column":19}},"loc":{"start":{"line":32,"column":29},"end":{"line":32,"column":41}},"line":32},"4":{"name":"(anonymous_4)","decl":{"start":{"line":33,"column":17},"end":{"line":33,"column":18}},"loc":{"start":{"line":33,"column":28},"end":{"line":33,"column":39}},"line":33},"5":{"name":"(anonymous_5)","decl":{"start":{"line":34,"column":22},"end":{"line":34,"column":23}},"loc":{"start":{"line":34,"column":33},"end":{"line":34,"column":49}},"line":34},"6":{"name":"(anonymous_6)","decl":{"start":{"line":36,"column":17},"end":{"line":36,"column":18}},"loc":{"start":{"line":36,"column":30},"end":{"line":66,"column":3}},"line":36},"7":{"name":"(anonymous_7)","decl":{"start":{"line":38,"column":32},"end":{"line":38,"column":33}},"loc":{"start":{"line":38,"column":43},"end":{"line":41,"column":7}},"line":38},"8":{"name":"(anonymous_8)","decl":{"start":{"line":42,"column":34},"end":{"line":42,"column":35}},"loc":{"start":{"line":42,"column":45},"end":{"line":45,"column":7}},"line":42},"9":{"name":"(anonymous_9)","decl":{"start":{"line":46,"column":34},"end":{"line":46,"column":35}},"loc":{"start":{"line":46,"column":53},"end":{"line":52,"column":7}},"line":46},"10":{"name":"(anonymous_10)","decl":{"start":{"line":53,"column":36},"end":{"line":53,"column":37}},"loc":{"start":{"line":53,"column":55},"end":{"line":57,"column":7}},"line":53},"11":{"name":"(anonymous_11)","decl":{"start":{"line":58,"column":33},"end":{"line":58,"column":34}},"loc":{"start":{"line":58,"column":52},"end":{"line":61,"column":7}},"line":58},"12":{"name":"(anonymous_12)","decl":{"start":{"line":62,"column":35},"end":{"line":62,"column":36}},"loc":{"start":{"line":62,"column":54},"end":{"line":65,"column":7}},"line":62}},"branchMap":{},"s":{"0":2,"1":2,"2":0,"3":2,"4":0,"5":2,"6":0,"7":0,"8":0,"9":0,"10":2,"11":1,"12":1,"13":1,"14":1,"15":1,"16":1,"17":1,"18":1,"19":1,"20":1,"21":1,"22":1,"23":1,"24":1,"25":1,"26":1,"27":2},"f":{"0":0,"1":0,"2":0,"3":0,"4":0,"5":0,"6":2,"7":1,"8":1,"9":1,"10":1,"11":1,"12":1},"b":{},"_coverageSchema":"1a1c01bbd47fc00a2c39e90264f33305004495a9","hash":"16923d3a2793f5af132a0a9833b5fb28b36b77f5"}
,"C:\\Users\\Владимир\\IdeaProjects\\stellar-burgers-case-study-main\\src\\slices\\ingredientsSlice.ts": {"path":"C:\\Users\\Владимир\\IdeaProjects\\stellar-burgers-case-study-main\\src\\slices\\ingredientsSlice.ts","statementMap":{"0":{"start":{"line":11,"column":43},"end":{"line":15,"column":1}},"1":{"start":{"line":17,"column":32},"end":{"line":20,"column":1}},"2":{"start":{"line":19,"column":8},"end":{"line":19,"column":27}},"3":{"start":{"line":22,"column":31},"end":{"line":49,"column":2}},"4":{"start":{"line":27,"column":34},"end":{"line":27,"column":51}},"5":{"start":{"line":28,"column":43},"end":{"line":28,"column":69}},"6":{"start":{"line":31,"column":4},"end":{"line":47,"column":9}},"7":{"start":{"line":33,"column":8},"end":{"line":33,"column":42}},"8":{"start":{"line":34,"column":8},"end":{"line":34,"column":38}},"9":{"start":{"line":39,"column":10},"end":{"line":39,"column":45}},"10":{"start":{"line":40,"column":10},"end":{"line":40,"column":40}},"11":{"start":{"line":41,"column":10},"end":{"line":41,"column":45}},"12":{"start":{"line":45,"column":8},"end":{"line":45,"column":43}},"13":{"start":{"line":46,"column":8},"end":{"line":46,"column":64}},"14":{"start":{"line":52,"column":2},"end":{"line":52,"column":27}}},"fnMap":{"0":{"name":"(anonymous_0)","decl":{"start":{"line":19,"column":2},"end":{"line":19,"column":3}},"loc":{"start":{"line":19,"column":8},"end":{"line":19,"column":27}},"line":19},"1":{"name":"(anonymous_1)","decl":{"start":{"line":27,"column":23},"end":{"line":27,"column":24}},"loc":{"start":{"line":27,"column":34},"end":{"line":27,"column":51}},"line":27},"2":{"name":"(anonymous_2)","decl":{"start":{"line":28,"column":32},"end":{"line":28,"column":33}},"loc":{"start":{"line":28,"column":43},"end":{"line":28,"column":69}},"line":28},"3":{"name":"(anonymous_3)","decl":{"start":{"line":30,"column":17},"end":{"line":30,"column":18}},"loc":{"start":{"line":30,"column":30},"end":{"line":48,"column":3}},"line":30},"4":{"name":"(anonymous_4)","decl":{"start":{"line":32,"column":41},"end":{"line":32,"column":42}},"loc":{"start":{"line":32,"column":52},"end":{"line":35,"column":7}},"line":32},"5":{"name":"(anonymous_5)","decl":{"start":{"line":38,"column":8},"end":{"line":38,"column":9}},"loc":{"start":{"line":38,"column":57},"end":{"line":42,"column":9}},"line":38},"6":{"name":"(anonymous_6)","decl":{"start":{"line":44,"column":42},"end":{"line":44,"column":43}},"loc":{"start":{"line":44,"column":61},"end":{"line":47,"column":7}},"line":44}},"branchMap":{},"s":{"0":2,"1":2,"2":0,"3":2,"4":0,"5":0,"6":2,"7":1,"8":1,"9":1,"10":1,"11":1,"12":1,"13":1,"14":2},"f":{"0":0,"1":0,"2":0,"3":2,"4":1,"5":1,"6":1},"b":{},"_coverageSchema":"1a1c01bbd47fc00a2c39e90264f33305004495a9","hash":"e27cb09bd96d64d26194cb52a0888eb68f72705b"}
,"C:\\Users\\Владимир\\IdeaProjects\\stellar-burgers-case-study-main\\src\\slices\\orderSlice.ts": {"path":"C:\\Users\\Владимир\\IdeaProjects\\stellar-burgers-case-study-main\\src\\slices\\orderSlice.ts","statementMap":{"0":{"start":{"line":13,"column":43},"end":{"line":19,"column":1}},"1":{"start":{"line":21,"column":25},"end":{"line":24,"column":1}},"2":{"start":{"line":23,"column":27},"end":{"line":23,"column":52}},"3":{"start":{"line":26,"column":24},"end":{"line":28,"column":1}},"4":{"start":{"line":27,"column":2},"end":{"line":27,"column":29}},"5":{"start":{"line":30,"column":19},"end":{"line":77,"column":2}},"6":{"start":{"line":35,"column":6},"end":{"line":35,"column":42}},"7":{"start":{"line":38,"column":6},"end":{"line":38,"column":34}},"8":{"start":{"line":42,"column":37},"end":{"line":42,"column":57}},"9":{"start":{"line":43,"column":35},"end":{"line":43,"column":53}},"10":{"start":{"line":44,"column":37},"end":{"line":44,"column":57}},"11":{"start":{"line":45,"column":28},"end":{"line":45,"column":39}},"12":{"start":{"line":48,"column":4},"end":{"line":75,"column":9}},"13":{"start":{"line":50,"column":8},"end":{"line":50,"column":36}},"14":{"start":{"line":51,"column":8},"end":{"line":51,"column":32}},"15":{"start":{"line":54,"column":8},"end":{"line":54,"column":36}},"16":{"start":{"line":55,"column":8},"end":{"line":55,"column":32}},"17":{"start":{"line":58,"column":8},"end":{"line":58,"column":37}},"18":{"start":{"line":59,"column":8},"end":{"line":59,"column":32}},"19":{"start":{"line":60,"column":8},"end":{"line":60,"column":35}},"20":{"start":{"line":61,"column":8},"end":{"line":61,"column":52}},"21":{"start":{"line":64,"column":8},"end":{"line":64,"column":37}},"22":{"start":{"line":65,"column":8},"end":{"line":65,"column":32}},"23":{"start":{"line":66,"column":8},"end":{"line":66,"column":47}},"24":{"start":{"line":69,"column":8},"end":{"line":69,"column":37}},"25":{"start":{"line":70,"column":8},"end":{"line":70,"column":58}},"26":{"start":{"line":73,"column":8},"end":{"line":73,"column":37}},"27":{"start":{"line":74,"column":8},"end":{"line":74,"column":58}},"28":{"start":{"line":84,"column":4},"end":{"line":84,"column":24}},"29":{"start":{"line":86,"column":58},"end":{"line":86,"column":76}}},"fnMap":{"0":{"name":"(anonymous_0)","decl":{"start":{"line":23,"column":2},"end":{"line":23,"column":3}},"loc":{"start":{"line":23,"column":27},"end":{"line":23,"column":52}},"line":23},"1":{"name":"(anonymous_1)","decl":{"start":{"line":26,"column":59},"end":{"line":26,"column":60}},"loc":{"start":{"line":27,"column":2},"end":{"line":27,"column":29}},"line":27},"2":{"name":"(anonymous_2)","decl":{"start":{"line":34,"column":21},"end":{"line":34,"column":22}},"loc":{"start":{"line":34,"column":40},"end":{"line":36,"column":5}},"line":34},"3":{"name":"(anonymous_3)","decl":{"start":{"line":37,"column":27},"end":{"line":37,"column":28}},"loc":{"start":{"line":37,"column":38},"end":{"line":39,"column":5}},"line":37},"4":{"name":"(anonymous_4)","decl":{"start":{"line":42,"column":26},"end":{"line":42,"column":27}},"loc":{"start":{"line":42,"column":37},"end":{"line":42,"column":57}},"line":42},"5":{"name":"(anonymous_5)","decl":{"start":{"line":43,"column":24},"end":{"line":43,"column":25}},"loc":{"start":{"line":43,"column":35},"end":{"line":43,"column":53}},"line":43},"6":{"name":"(anonymous_6)","decl":{"start":{"line":44,"column":26},"end":{"line":44,"column":27}},"loc":{"start":{"line":44,"column":37},"end":{"line":44,"column":57}},"line":44},"7":{"name":"(anonymous_7)","decl":{"start":{"line":45,"column":17},"end":{"line":45,"column":18}},"loc":{"start":{"line":45,"column":28},"end":{"line":45,"column":39}},"line":45},"8":{"name":"(anonymous_8)","decl":{"start":{"line":47,"column":17},"end":{"line":47,"column":18}},"loc":{"start":{"line":47,"column":30},"end":{"line":76,"column":3}},"line":47},"9":{"name":"(anonymous_9)","decl":{"start":{"line":49,"column":34},"end":{"line":49,"column":35}},"loc":{"start":{"line":49,"column":45},"end":{"line":52,"column":7}},"line":49},"10":{"name":"(anonymous_10)","decl":{"start":{"line":53,"column":33},"end":{"line":53,"column":34}},"loc":{"start":{"line":53,"column":44},"end":{"line":56,"column":7}},"line":53},"11":{"name":"(anonymous_11)","decl":{"start":{"line":57,"column":36},"end":{"line":57,"column":37}},"loc":{"start":{"line":57,"column":55},"end":{"line":62,"column":7}},"line":57},"12":{"name":"(anonymous_12)","decl":{"start":{"line":63,"column":35},"end":{"line":63,"column":36}},"loc":{"start":{"line":63,"column":54},"end":{"line":67,"column":7}},"line":63},"13":{"name":"(anonymous_13)","decl":{"start":{"line":68,"column":35},"end":{"line":68,"column":36}},"loc":{"start":{"line":68,"column":54},"end":{"line":71,"column":7}},"line":68},"14":{"name":"(anonymous_14)","decl":{"start":{"line":72,"column":34},"end":{"line":72,"column":35}},"loc":{"start":{"line":72,"column":53},"end":{"line":75,"column":7}},"line":72}},"branchMap":{},"s":{"0":2,"1":2,"2":0,"3":2,"4":0,"5":2,"6":2,"7":1,"8":0,"9":0,"10":0,"11":0,"12":2,"13":1,"14":1,"15":1,"16":1,"17":2,"18":2,"19":2,"20":2,"21":1,"22":1,"23":1,"24":1,"25":1,"26":1,"27":1,"28":2,"29":2},"f":{"0":0,"1":0,"2":2,"3":1,"4":0,"5":0,"6":0,"7":0,"8":2,"9":1,"10":1,"11":2,"12":1,"13":1,"14":1},"b":{},"_coverageSchema":"1a1c01bbd47fc00a2c39e90264f33305004495a9","hash":"1196ab6115eccad21eddc8a2ece60e08c61c1a40"}
,"C:\\Users\\Владимир\\IdeaProjects\\stellar-burgers-case-study-main\\src\\slices\\userSlice.ts": {"path":"C:\\Users\\Владимир\\IdeaProjects\\stellar-burgers-case-study-main\\src\\slices\\userSlice.ts","statementMap":{"0":{"start":{"line":23,"column":43},"end":{"line":28,"column":1}},"1":{"start":{"line":30,"column":25},"end":{"line":33,"column":1}},"2":{"start":{"line":32,"column":29},"end":{"line":32,"column":52}},"3":{"start":{"line":35,"column":28},"end":{"line":38,"column":1}},"4":{"start":{"line":37,"column":35},"end":{"line":37,"column":64}},"5":{"start":{"line":40,"column":26},"end":{"line":40,"column":76}},"6":{"start":{"line":40,"column":64},"end":{"line":40,"column":75}},"7":{"start":{"line":42,"column":26},"end":{"line":45,"column":1}},"8":{"start":{"line":44,"column":42},"end":{"line":44,"column":67}},"9":{"start":{"line":47,"column":30},"end":{"line":50,"column":1}},"10":{"start":{"line":49,"column":39},"end":{"line":49,"column":70}},"11":{"start":{"line":52,"column":29},"end":{"line":56,"column":1}},"12":{"start":{"line":55,"column":4},"end":{"line":55,"column":31}},"13":{"start":{"line":58,"column":23},"end":{"line":58,"column":71}},"14":{"start":{"line":58,"column":58},"end":{"line":58,"column":70}},"15":{"start":{"line":60,"column":22},"end":{"line":63,"column":1}},"16":{"start":{"line":61,"column":2},"end":{"line":61,"column":29}},"17":{"start":{"line":62,"column":2},"end":{"line":62,"column":25}},"18":{"start":{"line":65,"column":23},"end":{"line":68,"column":1}},"19":{"start":{"line":66,"column":2},"end":{"line":66,"column":30}},"20":{"start":{"line":67,"column":2},"end":{"line":67,"column":41}},"21":{"start":{"line":70,"column":23},"end":{"line":78,"column":1}},"22":{"start":{"line":80,"column":24},"end":{"line":88,"column":1}},"23":{"start":{"line":90,"column":18},"end":{"line":160,"column":2}},"24":{"start":{"line":95,"column":6},"end":{"line":95,"column":29}},"25":{"start":{"line":99,"column":36},"end":{"line":99,"column":55}},"26":{"start":{"line":100,"column":27},"end":{"line":100,"column":37}},"27":{"start":{"line":101,"column":35},"end":{"line":101,"column":53}},"28":{"start":{"line":102,"column":32},"end":{"line":102,"column":47}},"29":{"start":{"line":105,"column":4},"end":{"line":158,"column":8}},"30":{"start":{"line":107,"column":8},"end":{"line":107,"column":36}},"31":{"start":{"line":108,"column":8},"end":{"line":108,"column":31}},"32":{"start":{"line":109,"column":8},"end":{"line":109,"column":34}},"33":{"start":{"line":110,"column":8},"end":{"line":110,"column":41}},"34":{"start":{"line":111,"column":8},"end":{"line":111,"column":61}},"35":{"start":{"line":112,"column":8},"end":{"line":112,"column":74}},"36":{"start":{"line":115,"column":8},"end":{"line":115,"column":36}},"37":{"start":{"line":116,"column":8},"end":{"line":116,"column":31}},"38":{"start":{"line":117,"column":8},"end":{"line":117,"column":34}},"39":{"start":{"line":118,"column":8},"end":{"line":118,"column":41}},"40":{"start":{"line":119,"column":8},"end":{"line":119,"column":61}},"41":{"start":{"line":120,"column":8},"end":{"line":120,"column":74}},"42":{"start":{"line":123,"column":8},"end":{"line":123,"column":36}},"43":{"start":{"line":124,"column":8},"end":{"line":124,"column":31}},"44":{"start":{"line":125,"column":8},"end":{"line":125,"column":35}},"45":{"start":{"line":126,"column":8},"end":{"line":126,"column":26}},"46":{"start":{"line":127,"column":8},"end":{"line":127,"column":36}},"47":{"start":{"line":128,"column":8},"end":{"line":128,"column":48}},"48":{"start":{"line":131,"column":8},"end":{"line":131,"column":36}},"49":{"start":{"line":132,"column":8},"end":{"line":132,"column":31}},"50":{"start":{"line":133,"column":8},"end":{"line":133,"column":34}},"51":{"start":{"line":134,"column":8},"end":{"line":134,"column":41}},"52":{"start":{"line":137,"column":8},"end":{"line":137,"column":36}},"53":{"start":{"line":138,"column":8},"end":{"line":138,"column":31}},"54":{"start":{"line":141,"column":8},"end":{"line":141,"column":36}},"55":{"start":{"line":142,"column":8},"end":{"line":142,"column":31}},"56":{"start":{"line":145,"column":8},"end":{"line":145,"column":36}},"57":{"start":{"line":146,"column":8},"end":{"line":146,"column":31}},"58":{"start":{"line":147,"column":8},"end":{"line":147,"column":34}},"59":{"start":{"line":148,"column":8},"end":{"line":148,"column":41}},"60":{"start":{"line":151,"column":20},"end":{"line":151,"column":79}},"61":{"start":{"line":151,"column":51},"end":{"line":151,"column":78}},"62":{"start":{"line":156,"column":10},"end":{"line":156,"column":71}},"63":{"start":{"line":156,"column":42},"end":{"line":156,"column":70}},"64":{"start":{"line":167,"column":4},"end":{"line":167,"column":23}},"65":{"start":{"line":169,"column":34},"end":{"line":169,"column":51}}},"fnMap":{"0":{"name":"(anonymous_0)","decl":{"start":{"line":32,"column":2},"end":{"line":32,"column":3}},"loc":{"start":{"line":32,"column":29},"end":{"line":32,"column":52}},"line":32},"1":{"name":"(anonymous_1)","decl":{"start":{"line":37,"column":2},"end":{"line":37,"column":3}},"loc":{"start":{"line":37,"column":35},"end":{"line":37,"column":64}},"line":37},"2":{"name":"(anonymous_2)","decl":{"start":{"line":40,"column":58},"end":{"line":40,"column":59}},"loc":{"start":{"line":40,"column":64},"end":{"line":40,"column":75}},"line":40},"3":{"name":"(anonymous_3)","decl":{"start":{"line":44,"column":2},"end":{"line":44,"column":3}},"loc":{"start":{"line":44,"column":42},"end":{"line":44,"column":67}},"line":44},"4":{"name":"(anonymous_4)","decl":{"start":{"line":49,"column":2},"end":{"line":49,"column":3}},"loc":{"start":{"line":49,"column":39},"end":{"line":49,"column":70}},"line":49},"5":{"name":"(anonymous_5)","decl":{"start":{"line":54,"column":2},"end":{"line":54,"column":3}},"loc":{"start":{"line":55,"column":4},"end":{"line":55,"column":31}},"line":55},"6":{"name":"(anonymous_6)","decl":{"start":{"line":58,"column":52},"end":{"line":58,"column":53}},"loc":{"start":{"line":58,"column":58},"end":{"line":58,"column":70}},"line":58},"7":{"name":"(anonymous_7)","decl":{"start":{"line":60,"column":22},"end":{"line":60,"column":23}},"loc":{"start":{"line":60,"column":48},"end":{"line":63,"column":1}},"line":60},"8":{"name":"(anonymous_8)","decl":{"start":{"line":65,"column":23},"end":{"line":65,"column":24}},"loc":{"start":{"line":65,"column":62},"end":{"line":68,"column":1}},"line":65},"9":{"name":"(anonymous_9)","decl":{"start":{"line":94,"column":20},"end":{"line":94,"column":21}},"loc":{"start":{"line":94,"column":31},"end":{"line":96,"column":5}},"line":94},"10":{"name":"(anonymous_10)","decl":{"start":{"line":99,"column":25},"end":{"line":99,"column":26}},"loc":{"start":{"line":99,"column":36},"end":{"line":99,"column":55}},"line":99},"11":{"name":"(anonymous_11)","decl":{"start":{"line":100,"column":16},"end":{"line":100,"column":17}},"loc":{"start":{"line":100,"column":27},"end":{"line":100,"column":37}},"line":100},"12":{"name":"(anonymous_12)","decl":{"start":{"line":101,"column":24},"end":{"line":101,"column":25}},"loc":{"start":{"line":101,"column":35},"end":{"line":101,"column":53}},"line":101},"13":{"name":"(anonymous_13)","decl":{"start":{"line":102,"column":21},"end":{"line":102,"column":22}},"loc":{"start":{"line":102,"column":32},"end":{"line":102,"column":47}},"line":102},"14":{"name":"(anonymous_14)","decl":{"start":{"line":104,"column":17},"end":{"line":104,"column":18}},"loc":{"start":{"line":104,"column":30},"end":{"line":159,"column":3}},"line":104},"15":{"name":"(anonymous_15)","decl":{"start":{"line":106,"column":36},"end":{"line":106,"column":37}},"loc":{"start":{"line":106,"column":55},"end":{"line":113,"column":7}},"line":106},"16":{"name":"(anonymous_16)","decl":{"start":{"line":114,"column":39},"end":{"line":114,"column":40}},"loc":{"start":{"line":114,"column":58},"end":{"line":121,"column":7}},"line":114},"17":{"name":"(anonymous_17)","decl":{"start":{"line":122,"column":37},"end":{"line":122,"column":38}},"loc":{"start":{"line":122,"column":48},"end":{"line":129,"column":7}},"line":122},"18":{"name":"(anonymous_18)","decl":{"start":{"line":130,"column":37},"end":{"line":130,"column":38}},"loc":{"start":{"line":130,"column":56},"end":{"line":135,"column":7}},"line":130},"19":{"name":"(anonymous_19)","decl":{"start":{"line":136,"column":41},"end":{"line":136,"column":42}},"loc":{"start":{"line":136,"column":52},"end":{"line":139,"column":7}},"line":136},"20":{"name":"(anonymous_20)","decl":{"start":{"line":140,"column":40},"end":{"line":140,"column":41}},"loc":{"start":{"line":140,"column":51},"end":{"line":143,"column":7}},"line":140},"21":{"name":"(anonymous_21)","decl":{"start":{"line":144,"column":34},"end":{"line":144,"column":35}},"loc":{"start":{"line":144,"column":53},"end":{"line":149,"column":7}},"line":144},"22":{"name":"(anonymous_22)","decl":{"start":{"line":151,"column":8},"end":{"line":151,"column":9}},"loc":{"start":{"line":151,"column":20},"end":{"line":151,"column":79}},"line":151},"23":{"name":"(anonymous_23)","decl":{"start":{"line":151,"column":40},"end":{"line":151,"column":41}},"loc":{"start":{"line":151,"column":51},"end":{"line":151,"column":78}},"line":151},"24":{"name":"(anonymous_24)","decl":{"start":{"line":155,"column":8},"end":{"line":155,"column":9}},"loc":{"start":{"line":156,"column":10},"end":{"line":156,"column":71}},"line":156},"25":{"name":"(anonymous_25)","decl":{"start":{"line":156,"column":31},"end":{"line":156,"column":32}},"loc":{"start":{"line":156,"column":42},"end":{"line":156,"column":70}},"line":156}},"branchMap":{},"s":{"0":2,"1":2,"2":0,"3":2,"4":0,"5":2,"6":0,"7":2,"8":0,"9":2,"10":0,"11":2,"12":0,"13":2,"14":0,"15":2,"16":7,"17":7,"18":2,"19":7,"20":7,"21":2,"22":2,"23":2,"24":1,"25":0,"26":0,"27":0,"28":0,"29":2,"30":1,"31":1,"32":1,"33":1,"34":1,"35":1,"36":1,"37":1,"38":1,"39":1,"40":1,"41":1,"42":1,"43":1,"44":1,"45":1,"46":1,"47":1,"48":1,"49":1,"50":1,"51":1,"52":1,"53":1,"54":1,"55":1,"56":1,"57":1,"58":1,"59":1,"60":89,"61":602,"62":89,"63":602,"64":2,"65":2},"f":{"0":0,"1":0,"2":0,"3":0,"4":0,"5":0,"6":0,"7":7,"8":7,"9":1,"10":0,"11":0,"12":0,"13":0,"14":2,"15":1,"16":1,"17":1,"18":1,"19":1,"20":1,"21":1,"22":89,"23":602,"24":89,"25":602},"b":{},"_coverageSchema":"1a1c01bbd47fc00a2c39e90264f33305004495a9","hash":"815658a78805daad2c7a0dc6f456ee5a563b853b"}
,"C:\\Users\\Владимир\\IdeaProjects\\stellar-burgers-case-study-main\\src\\utils\\burger-api.ts": {"path":"C:\\Users\\Владимир\\IdeaProjects\\stellar-burgers-case-study-main\\src\\utils\\burger-api.ts","statementMap":{"0":{"start":{"line":4,"column":12},"end":{"line":4,"column":38}},"1":{"start":{"line":6,"column":22},"end":{"line":7,"column":69}},"2":{"start":{"line":7,"column":2},"end":{"line":7,"column":69}},"3":{"start":{"line":7,"column":49},"end":{"line":7,"column":68}},"4":{"start":{"line":18,"column":28},"end":{"line":36,"column":6}},"5":{"start":{"line":19,"column":2},"end":{"line":36,"column":6}},"6":{"start":{"line":28,"column":19},"end":{"line":28,"column":55}},"7":{"start":{"line":30,"column":6},"end":{"line":32,"column":7}},"8":{"start":{"line":31,"column":8},"end":{"line":31,"column":43}},"9":{"start":{"line":33,"column":6},"end":{"line":33,"column":69}},"10":{"start":{"line":34,"column":6},"end":{"line":34,"column":56}},"11":{"start":{"line":35,"column":6},"end":{"line":35,"column":25}},"12":{"start":{"line":38,"column":32},"end":{"line":61,"column":1}},"13":{"start":{"line":42,"column":2},"end":{"line":60,"column":3}},"14":{"start":{"line":43,"column":16},"end":{"line":43,"column":41}},"15":{"start":{"line":44,"column":4},"end":{"line":44,"column":39}},"16":{"start":{"line":46,"column":4},"end":{"line":59,"column":5}},"17":{"start":{"line":47,"column":26},"end":{"line":47,"column":46}},"18":{"start":{"line":48,"column":6},"end":{"line":54,"column":7}},"19":{"start":{"line":49,"column":8},"end":{"line":53,"column":50}},"20":{"start":{"line":55,"column":18},"end":{"line":55,"column":43}},"21":{"start":{"line":56,"column":6},"end":{"line":56,"column":41}},"22":{"start":{"line":58,"column":6},"end":{"line":58,"column":33}},"23":{"start":{"line":77,"column":33},"end":{"line":83,"column":6}},"24":{"start":{"line":78,"column":2},"end":{"line":83,"column":6}},"25":{"start":{"line":79,"column":19},"end":{"line":79,"column":59}},"26":{"start":{"line":81,"column":6},"end":{"line":81,"column":42}},"27":{"start":{"line":81,"column":25},"end":{"line":81,"column":42}},"28":{"start":{"line":82,"column":6},"end":{"line":82,"column":34}},"29":{"start":{"line":85,"column":27},"end":{"line":91,"column":6}},"30":{"start":{"line":86,"column":2},"end":{"line":91,"column":6}},"31":{"start":{"line":87,"column":19},"end":{"line":87,"column":53}},"32":{"start":{"line":89,"column":6},"end":{"line":89,"column":37}},"33":{"start":{"line":89,"column":25},"end":{"line":89,"column":37}},"34":{"start":{"line":90,"column":6},"end":{"line":90,"column":34}},"35":{"start":{"line":93,"column":28},"end":{"line":103,"column":4}},"36":{"start":{"line":94,"column":2},"end":{"line":103,"column":4}},"37":{"start":{"line":101,"column":4},"end":{"line":101,"column":42}},"38":{"start":{"line":101,"column":23},"end":{"line":101,"column":42}},"39":{"start":{"line":102,"column":4},"end":{"line":102,"column":32}},"40":{"start":{"line":110,"column":30},"end":{"line":123,"column":4}},"41":{"start":{"line":111,"column":2},"end":{"line":123,"column":4}},"42":{"start":{"line":121,"column":4},"end":{"line":121,"column":35}},"43":{"start":{"line":121,"column":23},"end":{"line":121,"column":35}},"44":{"start":{"line":122,"column":4},"end":{"line":122,"column":32}},"45":{"start":{"line":129,"column":35},"end":{"line":135,"column":54}},"46":{"start":{"line":130,"column":2},"end":{"line":135,"column":54}},"47":{"start":{"line":135,"column":19},"end":{"line":135,"column":53}},"48":{"start":{"line":149,"column":31},"end":{"line":161,"column":6}},"49":{"start":{"line":150,"column":2},"end":{"line":161,"column":6}},"50":{"start":{"line":157,"column":19},"end":{"line":157,"column":52}},"51":{"start":{"line":159,"column":6},"end":{"line":159,"column":37}},"52":{"start":{"line":159,"column":25},"end":{"line":159,"column":37}},"53":{"start":{"line":160,"column":6},"end":{"line":160,"column":34}},"54":{"start":{"line":168,"column":28},"end":{"line":180,"column":6}},"55":{"start":{"line":169,"column":2},"end":{"line":180,"column":6}},"56":{"start":{"line":176,"column":19},"end":{"line":176,"column":52}},"57":{"start":{"line":178,"column":6},"end":{"line":178,"column":37}},"58":{"start":{"line":178,"column":25},"end":{"line":178,"column":37}},"59":{"start":{"line":179,"column":6},"end":{"line":179,"column":34}},"60":{"start":{"line":182,"column":33},"end":{"line":194,"column":6}},"61":{"start":{"line":183,"column":2},"end":{"line":194,"column":6}},"62":{"start":{"line":190,"column":19},"end":{"line":190,"column":58}},"63":{"start":{"line":192,"column":6},"end":{"line":192,"column":37}},"64":{"start":{"line":192,"column":25},"end":{"line":192,"column":37}},"65":{"start":{"line":193,"column":6},"end":{"line":193,"column":34}},"66":{"start":{"line":196,"column":32},"end":{"line":208,"column":6}},"67":{"start":{"line":197,"column":2},"end":{"line":208,"column":6}},"68":{"start":{"line":204,"column":19},"end":{"line":204,"column":58}},"69":{"start":{"line":206,"column":6},"end":{"line":206,"column":37}},"70":{"start":{"line":206,"column":25},"end":{"line":206,"column":37}},"71":{"start":{"line":207,"column":6},"end":{"line":207,"column":34}},"72":{"start":{"line":214,"column":26},"end":{"line":219,"column":4}},"73":{"start":{"line":215,"column":2},"end":{"line":219,"column":4}},"74":{"start":{"line":221,"column":29},"end":{"line":229,"column":4}},"75":{"start":{"line":222,"column":2},"end":{"line":229,"column":4}},"76":{"start":{"line":231,"column":25},"end":{"line":240,"column":59}},"77":{"start":{"line":232,"column":2},"end":{"line":240,"column":59}},"78":{"start":{"line":240,"column":19},"end":{"line":240,"column":58}}},"fnMap":{"0":{"name":"(anonymous_0)","decl":{"start":{"line":6,"column":22},"end":{"line":6,"column":23}},"loc":{"start":{"line":7,"column":2},"end":{"line":7,"column":69}},"line":7},"1":{"name":"(anonymous_1)","decl":{"start":{"line":7,"column":40},"end":{"line":7,"column":41}},"loc":{"start":{"line":7,"column":49},"end":{"line":7,"column":68}},"line":7},"2":{"name":"(anonymous_2)","decl":{"start":{"line":18,"column":28},"end":{"line":18,"column":29}},"loc":{"start":{"line":19,"column":2},"end":{"line":36,"column":6}},"line":19},"3":{"name":"(anonymous_3)","decl":{"start":{"line":28,"column":10},"end":{"line":28,"column":11}},"loc":{"start":{"line":28,"column":19},"end":{"line":28,"column":55}},"line":28},"4":{"name":"(anonymous_4)","decl":{"start":{"line":29,"column":10},"end":{"line":29,"column":11}},"loc":{"start":{"line":29,"column":27},"end":{"line":36,"column":5}},"line":29},"5":{"name":"(anonymous_5)","decl":{"start":{"line":38,"column":32},"end":{"line":38,"column":33}},"loc":{"start":{"line":41,"column":5},"end":{"line":61,"column":1}},"line":41},"6":{"name":"(anonymous_6)","decl":{"start":{"line":77,"column":33},"end":{"line":77,"column":34}},"loc":{"start":{"line":78,"column":2},"end":{"line":83,"column":6}},"line":78},"7":{"name":"(anonymous_7)","decl":{"start":{"line":79,"column":10},"end":{"line":79,"column":11}},"loc":{"start":{"line":79,"column":19},"end":{"line":79,"column":59}},"line":79},"8":{"name":"(anonymous_8)","decl":{"start":{"line":80,"column":10},"end":{"line":80,"column":11}},"loc":{"start":{"line":80,"column":20},"end":{"line":83,"column":5}},"line":80},"9":{"name":"(anonymous_9)","decl":{"start":{"line":85,"column":27},"end":{"line":85,"column":28}},"loc":{"start":{"line":86,"column":2},"end":{"line":91,"column":6}},"line":86},"10":{"name":"(anonymous_10)","decl":{"start":{"line":87,"column":10},"end":{"line":87,"column":11}},"loc":{"start":{"line":87,"column":19},"end":{"line":87,"column":53}},"line":87},"11":{"name":"(anonymous_11)","decl":{"start":{"line":88,"column":10},"end":{"line":88,"column":11}},"loc":{"start":{"line":88,"column":20},"end":{"line":91,"column":5}},"line":88},"12":{"name":"(anonymous_12)","decl":{"start":{"line":93,"column":28},"end":{"line":93,"column":29}},"loc":{"start":{"line":94,"column":2},"end":{"line":103,"column":4}},"line":94},"13":{"name":"(anonymous_13)","decl":{"start":{"line":100,"column":10},"end":{"line":100,"column":11}},"loc":{"start":{"line":100,"column":20},"end":{"line":103,"column":3}},"line":100},"14":{"name":"(anonymous_14)","decl":{"start":{"line":110,"column":30},"end":{"line":110,"column":31}},"loc":{"start":{"line":111,"column":2},"end":{"line":123,"column":4}},"line":111},"15":{"name":"(anonymous_15)","decl":{"start":{"line":120,"column":10},"end":{"line":120,"column":11}},"loc":{"start":{"line":120,"column":20},"end":{"line":123,"column":3}},"line":120},"16":{"name":"(anonymous_16)","decl":{"start":{"line":129,"column":35},"end":{"line":129,"column":36}},"loc":{"start":{"line":130,"column":2},"end":{"line":135,"column":54}},"line":130},"17":{"name":"(anonymous_17)","decl":{"start":{"line":135,"column":10},"end":{"line":135,"column":11}},"loc":{"start":{"line":135,"column":19},"end":{"line":135,"column":53}},"line":135},"18":{"name":"(anonymous_18)","decl":{"start":{"line":149,"column":31},"end":{"line":149,"column":32}},"loc":{"start":{"line":150,"column":2},"end":{"line":161,"column":6}},"line":150},"19":{"name":"(anonymous_19)","decl":{"start":{"line":157,"column":10},"end":{"line":157,"column":11}},"loc":{"start":{"line":157,"column":19},"end":{"line":157,"column":52}},"line":157},"20":{"name":"(anonymous_20)","decl":{"start":{"line":158,"column":10},"end":{"line":158,"column":11}},"loc":{"start":{"line":158,"column":20},"end":{"line":161,"column":5}},"line":158},"21":{"name":"(anonymous_21)","decl":{"start":{"line":168,"column":28},"end":{"line":168,"column":29}},"loc":{"start":{"line":169,"column":2},"end":{"line":180,"column":6}},"line":169},"22":{"name":"(anonymous_22)","decl":{"start":{"line":176,"column":10},"end":{"line":176,"column":11}},"loc":{"start":{"line":176,"column":19},"end":{"line":176,"column":52}},"line":176},"23":{"name":"(anonymous_23)","decl":{"start":{"line":177,"column":10},"end":{"line":177,"column":11}},"loc":{"start":{"line":177,"column":20},"end":{"line":180,"column":5}},"line":177},"24":{"name":"(anonymous_24)","decl":{"start":{"line":182,"column":33},"end":{"line":182,"column":34}},"loc":{"start":{"line":183,"column":2},"end":{"line":194,"column":6}},"line":183},"25":{"name":"(anonymous_25)","decl":{"start":{"line":190,"column":10},"end":{"line":190,"column":11}},"loc":{"start":{"line":190,"column":19},"end":{"line":190,"column":58}},"line":190},"26":{"name":"(anonymous_26)","decl":{"start":{"line":191,"column":10},"end":{"line":191,"column":11}},"loc":{"start":{"line":191,"column":20},"end":{"line":194,"column":5}},"line":191},"27":{"name":"(anonymous_27)","decl":{"start":{"line":196,"column":32},"end":{"line":196,"column":33}},"loc":{"start":{"line":197,"column":2},"end":{"line":208,"column":6}},"line":197},"28":{"name":"(anonymous_28)","decl":{"start":{"line":204,"column":10},"end":{"line":204,"column":11}},"loc":{"start":{"line":204,"column":19},"end":{"line":204,"column":58}},"line":204},"29":{"name":"(anonymous_29)","decl":{"start":{"line":205,"column":10},"end":{"line":205,"column":11}},"loc":{"start":{"line":205,"column":20},"end":{"line":208,"column":5}},"line":205},"30":{"name":"(anonymous_30)","decl":{"start":{"line":214,"column":26},"end":{"line":214,"column":27}},"loc":{"start":{"line":215,"column":2},"end":{"line":219,"column":4}},"line":215},"31":{"name":"(anonymous_31)","decl":{"start":{"line":221,"column":29},"end":{"line":221,"column":30}},"loc":{"start":{"line":222,"column":2},"end":{"line":229,"column":4}},"line":222},"32":{"name":"(anonymous_32)","decl":{"start":{"line":231,"column":25},"end":{"line":231,"column":26}},"loc":{"start":{"line":232,"column":2},"end":{"line":240,"column":59}},"line":232},"33":{"name":"(anonymous_33)","decl":{"start":{"line":240,"column":10},"end":{"line":240,"column":11}},"loc":{"start":{"line":240,"column":19},"end":{"line":240,"column":58}},"line":240}},"branchMap":{"0":{"loc":{"start":{"line":7,"column":2},"end":{"line":7,"column":69}},"type":"cond-expr","locations":[{"start":{"line":7,"column":11},"end":{"line":7,"column":21}},{"start":{"line":7,"column":24},"end":{"line":7,"column":69}}],"line":7},"1":{"loc":{"start":{"line":30,"column":6},"end":{"line":32,"column":7}},"type":"if","locations":[{"start":{"line":30,"column":6},"end":{"line":32,"column":7}},{"start":{},"end":{}}],"line":30},"2":{"loc":{"start":{"line":46,"column":4},"end":{"line":59,"column":5}},"type":"if","locations":[{"start":{"line":46,"column":4},"end":{"line":59,"column":5}},{"start":{"line":57,"column":11},"end":{"line":59,"column":5}}],"line":46},"3":{"loc":{"start":{"line":48,"column":6},"end":{"line":54,"column":7}},"type":"if","locations":[{"start":{"line":48,"column":6},"end":{"line":54,"column":7}},{"start":{},"end":{}}],"line":48},"4":{"loc":{"start":{"line":81,"column":6},"end":{"line":81,"column":42}},"type":"if","locations":[{"start":{"line":81,"column":6},"end":{"line":81,"column":42}},{"start":{},"end":{}}],"line":81},"5":{"loc":{"start":{"line":89,"column":6},"end":{"line":89,"column":37}},"type":"if","locations":[{"start":{"line":89,"column":6},"end":{"line":89,"column":37}},{"start":{},"end":{}}],"line":89},"6":{"loc":{"start":{"line":101,"column":4},"end":{"line":101,"column":42}},"type":"if","locations":[{"start":{"line":101,"column":4},"end":{"line":101,"column":42}},{"start":{},"end":{}}],"line":101},"7":{"loc":{"start":{"line":121,"column":4},"end":{"line":121,"column":35}},"type":"if","locations":[{"start":{"line":121,"column":4},"end":{"line":121,"column":35}},{"start":{},"end":{}}],"line":121},"8":{"loc":{"start":{"line":159,"column":6},"end":{"line":159,"column":37}},"type":"if","locations":[{"start":{"line":159,"column":6},"end":{"line":159,"column":37}},{"start":{},"end":{}}],"line":159},"9":{"loc":{"start":{"line":178,"column":6},"end":{"line":178,"column":37}},"type":"if","locations":[{"start":{"line":178,"column":6},"end":{"line":178,"column":37}},{"start":{},"end":{}}],"line":178},"10":{"loc":{"start":{"line":192,"column":6},"end":{"line":192,"column":37}},"type":"if","locations":[{"start":{"line":192,"column":6},"end":{"line":192,"column":37}},{"start":{},"end":{}}],"line":192},"11":{"loc":{"start":{"line":206,"column":6},"end":{"line":206,"column":37}},"type":"if","locations":[{"start":{"line":206,"column":6},"end":{"line":206,"column":37}},{"start":{},"end":{}}],"line":206}},"s":{"0":5,"1":5,"2":0,"3":0,"4":5,"5":0,"6":0,"7":0,"8":0,"9":0,"10":0,"11":0,"12":5,"13":0,"14":0,"15":0,"16":0,"17":0,"18":0,"19":0,"20":0,"21":0,"22":0,"23":5,"24":0,"25":0,"26":0,"27":0,"28":0,"29":5,"30":0,"31":0,"32":0,"33":0,"34":0,"35":5,"36":0,"37":0,"38":0,"39":0,"40":5,"41":0,"42":0,"43":0,"44":0,"45":5,"46":0,"47":0,"48":5,"49":0,"50":0,"51":0,"52":0,"53":0,"54":5,"55":0,"56":0,"57":0,"58":0,"59":0,"60":5,"61":0,"62":0,"63":0,"64":0,"65":0,"66":5,"67":0,"68":0,"69":0,"70":0,"71":0,"72":5,"73":0,"74":5,"75":0,"76":5,"77":0,"78":0},"f":{"0":0,"1":0,"2":0,"3":0,"4":0,"5":0,"6":0,"7":0,"8":0,"9":0,"10":0,"11":0,"12":0,"13":0,"14":0,"15":0,"16":0,"17":0,"18":0,"19":0,"20":0,"21":0,"22":0,"23":0,"24":0,"25":0,"26":0,"27":0,"28":0,"29":0,"30":0,"31":0,"32":0,"33":0},"b":{"0":[0,0],"1":[0,0],"2":[0,0],"3":[0,0],"4":[0,0],"5":[0,0],"6":[0,0],"7":[0,0],"8":[0,0],"9":[0,0],"10":[0,0],"11":[0,0]},"_coverageSchema":"1a1c01bbd47fc00a2c39e90264f33305004495a9","hash":"836ddc0175100e828f64859e93fe0f26f9577845"}
,"C:\\Users\\Владимир\\IdeaProjects\\stellar-burgers-case-study-main\\src\\utils\\cookie.ts": {"path":"C:\\Users\\Владимир\\IdeaProjects\\stellar-burgers-case-study-main\\src\\utils\\cookie.ts","statementMap":{"0":{"start":{"line":2,"column":18},"end":{"line":9,"column":3}},"1":{"start":{"line":10,"column":2},"end":{"line":10,"column":62}},"2":{"start":{"line":20,"column":2},"end":{"line":23,"column":4}},"3":{"start":{"line":25,"column":12},"end":{"line":25,"column":25}},"4":{"start":{"line":26,"column":2},"end":{"line":30,"column":3}},"5":{"start":{"line":27,"column":14},"end":{"line":27,"column":24}},"6":{"start":{"line":28,"column":4},"end":{"line":28,"column":40}},"7":{"start":{"line":29,"column":4},"end":{"line":29,"column":28}},"8":{"start":{"line":32,"column":2},"end":{"line":34,"column":3}},"9":{"start":{"line":33,"column":4},"end":{"line":33,"column":38}},"10":{"start":{"line":35,"column":2},"end":{"line":35,"column":36}},"11":{"start":{"line":36,"column":22},"end":{"line":36,"column":40}},"12":{"start":{"line":37,"column":2},"end":{"line":43,"column":3}},"13":{"start":{"line":38,"column":4},"end":{"line":38,"column":37}},"14":{"start":{"line":39,"column":22},"end":{"line":39,"column":37}},"15":{"start":{"line":40,"column":4},"end":{"line":42,"column":5}},"16":{"start":{"line":41,"column":6},"end":{"line":41,"column":39}},"17":{"start":{"line":44,"column":2},"end":{"line":44,"column":34}},"18":{"start":{"line":48,"column":2},"end":{"line":48,"column":39}}},"fnMap":{"0":{"name":"getCookie","decl":{"start":{"line":1,"column":16},"end":{"line":1,"column":25}},"loc":{"start":{"line":1,"column":60},"end":{"line":11,"column":1}},"line":1},"1":{"name":"setCookie","decl":{"start":{"line":13,"column":16},"end":{"line":13,"column":25}},"loc":{"start":{"line":19,"column":2},"end":{"line":45,"column":1}},"line":19},"2":{"name":"deleteCookie","decl":{"start":{"line":47,"column":16},"end":{"line":47,"column":28}},"loc":{"start":{"line":47,"column":43},"end":{"line":49,"column":1}},"line":47}},"branchMap":{"0":{"loc":{"start":{"line":10,"column":9},"end":{"line":10,"column":61}},"type":"cond-expr","locations":[{"start":{"line":10,"column":19},"end":{"line":10,"column":49}},{"start":{"line":10,"column":52},"end":{"line":10,"column":61}}],"line":10},"1":{"loc":{"start":{"line":16,"column":2},"end":{"line":18,"column":8}},"type":"default-arg","locations":[{"start":{"line":18,"column":6},"end":{"line":18,"column":8}}],"line":16},"2":{"loc":{"start":{"line":26,"column":2},"end":{"line":30,"column":3}},"type":"if","locations":[{"start":{"line":26,"column":2},"end":{"line":30,"column":3}},{"start":{},"end":{}}],"line":26},"3":{"loc":{"start":{"line":26,"column":6},"end":{"line":26,"column":36}},"type":"binary-expr","locations":[{"start":{"line":26,"column":6},"end":{"line":26,"column":9}},{"start":{"line":26,"column":13},"end":{"line":26,"column":36}}],"line":26},"4":{"loc":{"start":{"line":32,"column":2},"end":{"line":34,"column":3}},"type":"if","locations":[{"start":{"line":32,"column":2},"end":{"line":34,"column":3}},{"start":{},"end":{}}],"line":32},"5":{"loc":{"start":{"line":32,"column":6},"end":{"line":32,"column":32}},"type":"binary-expr","locations":[{"start":{"line":32,"column":6},"end":{"line":32,"column":9}},{"start":{"line":32,"column":13},"end":{"line":32,"column":32}}],"line":32},"6":{"loc":{"start":{"line":40,"column":4},"end":{"line":42,"column":5}},"type":"if","locations":[{"start":{"line":40,"column":4},"end":{"line":42,"column":5}},{"start":{},"end":{}}],"line":40}},"s":{"0":0,"1":0,"2":3,"3":3,"4":3,"5":1,"6":1,"7":1,"8":3,"9":1,"10":3,"11":3,"12":3,"13":4,"14":4,"15":4,"16":4,"17":3,"18":1},"f":{"0":0,"1":3,"2":1},"b":{"0":[0,0],"1":[2],"2":[1,2],"3":[3,1],"4":[1,2],"5":[3,1],"6":[4,0]},"_coverageSchema":"1a1c01bbd47fc00a2c39e90264f33305004495a9","hash":"cf49a17b5093fe0358f1c022194cfd8657142c77"}
}
