TN:
SF:src\services\store.ts
FN:30,(anonymous_0)
FNF:1
FNH:0
FNDA:0,(anonymous_0)
DA:14,1
DA:22,1
DA:30,1
DA:31,1
LF:4
LH:4
BRF:0
BRH:0
end_of_record
TN:
SF:src\slices\burgerConstructorSlice.ts
FN:22,(anonymous_0)
FN:33,(anonymous_1)
FN:36,(anonymous_2)
FN:40,(anonymous_3)
FN:48,(anonymous_4)
FN:56,(anonymous_5)
FN:64,(anonymous_6)
FNF:7
FNH:6
FNDA:1,(anonymous_0)
FNDA:1,(anonymous_1)
FNDA:2,(anonymous_2)
FNDA:1,(anonymous_3)
FNDA:1,(anonymous_4)
FNDA:1,(anonymous_5)
FNDA:0,(anonymous_6)
DA:11,2
DA:18,2
DA:23,1
DA:28,1
DA:34,1
DA:36,2
DA:41,1
DA:42,1
DA:43,1
DA:44,1
DA:49,1
DA:50,1
DA:51,1
DA:52,1
DA:57,1
DA:64,0
DA:68,2
DA:75,2
LF:18
LH:17
BRDA:28,0,0,0
BRDA:28,0,1,1
BRDA:42,1,0,1
BRDA:42,1,1,0
BRDA:50,2,0,1
BRDA:50,2,1,0
BRF:6
BRH:3
end_of_record
TN:
SF:src\slices\feedSlice.ts
FN:21,(anonymous_0)
FN:22,(anonymous_1)
FN:31,(anonymous_2)
FN:32,(anonymous_3)
FN:33,(anonymous_4)
FN:34,(anonymous_5)
FN:36,(anonymous_6)
FN:38,(anonymous_7)
FN:42,(anonymous_8)
FN:46,(anonymous_9)
FN:53,(anonymous_10)
FN:58,(anonymous_11)
FN:62,(anonymous_12)
FNF:13
FNH:7
FNDA:0,(anonymous_0)
FNDA:0,(anonymous_1)
FNDA:0,(anonymous_2)
FNDA:0,(anonymous_3)
FNDA:0,(anonymous_4)
FNDA:0,(anonymous_5)
FNDA:2,(anonymous_6)
FNDA:1,(anonymous_7)
FNDA:1,(anonymous_8)
FNDA:1,(anonymous_9)
FNDA:1,(anonymous_10)
FNDA:1,(anonymous_11)
FNDA:1,(anonymous_12)
DA:13,2
DA:21,2
DA:22,2
DA:23,0
DA:26,2
DA:31,0
DA:32,0
DA:33,0
DA:34,0
DA:37,2
DA:39,1
DA:40,1
DA:43,1
DA:44,1
DA:47,1
DA:48,1
DA:49,1
DA:50,1
DA:51,1
DA:54,1
DA:55,1
DA:56,1
DA:59,1
DA:60,1
DA:63,1
DA:64,1
DA:74,2
LF:27
LH:22
BRF:0
BRH:0
end_of_record
TN:
SF:src\slices\ingredientsSlice.ts
FN:19,(anonymous_0)
FN:27,(anonymous_1)
FN:28,(anonymous_2)
FN:30,(anonymous_3)
FN:32,(anonymous_4)
FN:38,(anonymous_5)
FN:44,(anonymous_6)
FNF:7
FNH:4
FNDA:0,(anonymous_0)
FNDA:0,(anonymous_1)
FNDA:0,(anonymous_2)
FNDA:2,(anonymous_3)
FNDA:1,(anonymous_4)
FNDA:1,(anonymous_5)
FNDA:1,(anonymous_6)
DA:11,2
DA:17,2
DA:19,0
DA:22,2
DA:27,0
DA:28,0
DA:31,2
DA:33,1
DA:34,1
DA:39,1
DA:40,1
DA:41,1
DA:45,1
DA:46,1
DA:52,2
LF:15
LH:12
BRF:0
BRH:0
end_of_record
TN:
SF:src\slices\orderSlice.ts
FN:23,(anonymous_0)
FN:26,(anonymous_1)
FN:34,(anonymous_2)
FN:37,(anonymous_3)
FN:42,(anonymous_4)
FN:43,(anonymous_5)
FN:44,(anonymous_6)
FN:45,(anonymous_7)
FN:47,(anonymous_8)
FN:49,(anonymous_9)
FN:53,(anonymous_10)
FN:57,(anonymous_11)
FN:63,(anonymous_12)
FN:68,(anonymous_13)
FN:72,(anonymous_14)
FNF:15
FNH:9
FNDA:0,(anonymous_0)
FNDA:0,(anonymous_1)
FNDA:2,(anonymous_2)
FNDA:1,(anonymous_3)
FNDA:0,(anonymous_4)
FNDA:0,(anonymous_5)
FNDA:0,(anonymous_6)
FNDA:0,(anonymous_7)
FNDA:2,(anonymous_8)
FNDA:1,(anonymous_9)
FNDA:1,(anonymous_10)
FNDA:2,(anonymous_11)
FNDA:1,(anonymous_12)
FNDA:1,(anonymous_13)
FNDA:1,(anonymous_14)
DA:13,2
DA:21,2
DA:23,0
DA:26,2
DA:27,0
DA:30,2
DA:35,2
DA:38,1
DA:42,0
DA:43,0
DA:44,0
DA:45,0
DA:48,2
DA:50,1
DA:51,1
DA:54,1
DA:55,1
DA:58,2
DA:59,2
DA:60,2
DA:61,2
DA:64,1
DA:65,1
DA:66,1
DA:69,1
DA:70,1
DA:73,1
DA:74,1
DA:84,2
DA:86,2
LF:30
LH:24
BRF:0
BRH:0
end_of_record
TN:
SF:src\slices\userSlice.ts
FN:32,(anonymous_0)
FN:37,(anonymous_1)
FN:40,(anonymous_2)
FN:44,(anonymous_3)
FN:49,(anonymous_4)
FN:54,(anonymous_5)
FN:58,(anonymous_6)
FN:60,(anonymous_7)
FN:65,(anonymous_8)
FN:94,(anonymous_9)
FN:99,(anonymous_10)
FN:100,(anonymous_11)
FN:101,(anonymous_12)
FN:102,(anonymous_13)
FN:104,(anonymous_14)
FN:106,(anonymous_15)
FN:114,(anonymous_16)
FN:122,(anonymous_17)
FN:130,(anonymous_18)
FN:136,(anonymous_19)
FN:140,(anonymous_20)
FN:144,(anonymous_21)
FN:151,(anonymous_22)
FN:151,(anonymous_23)
FN:155,(anonymous_24)
FN:156,(anonymous_25)
FNF:26
FNH:15
FNDA:0,(anonymous_0)
FNDA:0,(anonymous_1)
FNDA:0,(anonymous_2)
FNDA:0,(anonymous_3)
FNDA:0,(anonymous_4)
FNDA:0,(anonymous_5)
FNDA:0,(anonymous_6)
FNDA:7,(anonymous_7)
FNDA:7,(anonymous_8)
FNDA:1,(anonymous_9)
FNDA:0,(anonymous_10)
FNDA:0,(anonymous_11)
FNDA:0,(anonymous_12)
FNDA:0,(anonymous_13)
FNDA:2,(anonymous_14)
FNDA:1,(anonymous_15)
FNDA:1,(anonymous_16)
FNDA:1,(anonymous_17)
FNDA:1,(anonymous_18)
FNDA:1,(anonymous_19)
FNDA:1,(anonymous_20)
FNDA:1,(anonymous_21)
FNDA:89,(anonymous_22)
FNDA:602,(anonymous_23)
FNDA:89,(anonymous_24)
FNDA:602,(anonymous_25)
DA:23,2
DA:30,2
DA:32,0
DA:35,2
DA:37,0
DA:40,2
DA:42,2
DA:44,0
DA:47,2
DA:49,0
DA:52,2
DA:55,0
DA:58,2
DA:60,2
DA:61,7
DA:62,7
DA:65,2
DA:66,7
DA:67,7
DA:70,2
DA:80,2
DA:90,2
DA:95,1
DA:99,0
DA:100,0
DA:101,0
DA:102,0
DA:105,2
DA:107,1
DA:108,1
DA:109,1
DA:110,1
DA:111,1
DA:112,1
DA:115,1
DA:116,1
DA:117,1
DA:118,1
DA:119,1
DA:120,1
DA:123,1
DA:124,1
DA:125,1
DA:126,1
DA:127,1
DA:128,1
DA:131,1
DA:132,1
DA:133,1
DA:134,1
DA:137,1
DA:138,1
DA:141,1
DA:142,1
DA:145,1
DA:146,1
DA:147,1
DA:148,1
DA:151,602
DA:156,602
DA:167,2
DA:169,2
LF:62
LH:53
BRF:0
BRH:0
end_of_record
TN:
SF:src\utils\burger-api.ts
FN:6,(anonymous_0)
FN:7,(anonymous_1)
FN:18,(anonymous_2)
FN:28,(anonymous_3)
FN:29,(anonymous_4)
FN:38,(anonymous_5)
FN:77,(anonymous_6)
FN:79,(anonymous_7)
FN:80,(anonymous_8)
FN:85,(anonymous_9)
FN:87,(anonymous_10)
FN:88,(anonymous_11)
FN:93,(anonymous_12)
FN:100,(anonymous_13)
FN:110,(anonymous_14)
FN:120,(anonymous_15)
FN:129,(anonymous_16)
FN:135,(anonymous_17)
FN:149,(anonymous_18)
FN:157,(anonymous_19)
FN:158,(anonymous_20)
FN:168,(anonymous_21)
FN:176,(anonymous_22)
FN:177,(anonymous_23)
FN:182,(anonymous_24)
FN:190,(anonymous_25)
FN:191,(anonymous_26)
FN:196,(anonymous_27)
FN:204,(anonymous_28)
FN:205,(anonymous_29)
FN:214,(anonymous_30)
FN:221,(anonymous_31)
FN:231,(anonymous_32)
FN:240,(anonymous_33)
FNF:34
FNH:0
FNDA:0,(anonymous_0)
FNDA:0,(anonymous_1)
FNDA:0,(anonymous_2)
FNDA:0,(anonymous_3)
FNDA:0,(anonymous_4)
FNDA:0,(anonymous_5)
FNDA:0,(anonymous_6)
FNDA:0,(anonymous_7)
FNDA:0,(anonymous_8)
FNDA:0,(anonymous_9)
FNDA:0,(anonymous_10)
FNDA:0,(anonymous_11)
FNDA:0,(anonymous_12)
FNDA:0,(anonymous_13)
FNDA:0,(anonymous_14)
FNDA:0,(anonymous_15)
FNDA:0,(anonymous_16)
FNDA:0,(anonymous_17)
FNDA:0,(anonymous_18)
FNDA:0,(anonymous_19)
FNDA:0,(anonymous_20)
FNDA:0,(anonymous_21)
FNDA:0,(anonymous_22)
FNDA:0,(anonymous_23)
FNDA:0,(anonymous_24)
FNDA:0,(anonymous_25)
FNDA:0,(anonymous_26)
FNDA:0,(anonymous_27)
FNDA:0,(anonymous_28)
FNDA:0,(anonymous_29)
FNDA:0,(anonymous_30)
FNDA:0,(anonymous_31)
FNDA:0,(anonymous_32)
FNDA:0,(anonymous_33)
DA:4,5
DA:6,5
DA:7,0
DA:18,5
DA:19,0
DA:28,0
DA:30,0
DA:31,0
DA:33,0
DA:34,0
DA:35,0
DA:38,5
DA:42,0
DA:43,0
DA:44,0
DA:46,0
DA:47,0
DA:48,0
DA:49,0
DA:55,0
DA:56,0
DA:58,0
DA:77,5
DA:78,0
DA:79,0
DA:81,0
DA:82,0
DA:85,5
DA:86,0
DA:87,0
DA:89,0
DA:90,0
DA:93,5
DA:94,0
DA:101,0
DA:102,0
DA:110,5
DA:111,0
DA:121,0
DA:122,0
DA:129,5
DA:130,0
DA:135,0
DA:149,5
DA:150,0
DA:157,0
DA:159,0
DA:160,0
DA:168,5
DA:169,0
DA:176,0
DA:178,0
DA:179,0
DA:182,5
DA:183,0
DA:190,0
DA:192,0
DA:193,0
DA:196,5
DA:197,0
DA:204,0
DA:206,0
DA:207,0
DA:214,5
DA:215,0
DA:221,5
DA:222,0
DA:231,5
DA:232,0
DA:240,0
LF:70
LH:16
BRDA:7,0,0,0
BRDA:7,0,1,0
BRDA:30,1,0,0
BRDA:30,1,1,0
BRDA:46,2,0,0
BRDA:46,2,1,0
BRDA:48,3,0,0
BRDA:48,3,1,0
BRDA:81,4,0,0
BRDA:81,4,1,0
BRDA:89,5,0,0
BRDA:89,5,1,0
BRDA:101,6,0,0
BRDA:101,6,1,0
BRDA:121,7,0,0
BRDA:121,7,1,0
BRDA:159,8,0,0
BRDA:159,8,1,0
BRDA:178,9,0,0
BRDA:178,9,1,0
BRDA:192,10,0,0
BRDA:192,10,1,0
BRDA:206,11,0,0
BRDA:206,11,1,0
BRF:24
BRH:0
end_of_record
TN:
SF:src\utils\cookie.ts
FN:1,getCookie
FN:13,setCookie
FN:47,deleteCookie
FNF:3
FNH:2
FNDA:0,getCookie
FNDA:3,setCookie
FNDA:1,deleteCookie
DA:2,0
DA:10,0
DA:20,3
DA:25,3
DA:26,3
DA:27,1
DA:28,1
DA:29,1
DA:32,3
DA:33,1
DA:35,3
DA:36,3
DA:37,3
DA:38,4
DA:39,4
DA:40,4
DA:41,4
DA:44,3
DA:48,1
LF:19
LH:17
BRDA:10,0,0,0
BRDA:10,0,1,0
BRDA:16,1,0,2
BRDA:26,2,0,1
BRDA:26,2,1,2
BRDA:26,3,0,3
BRDA:26,3,1,1
BRDA:32,4,0,1
BRDA:32,4,1,2
BRDA:32,5,0,3
BRDA:32,5,1,1
BRDA:40,6,0,4
BRDA:40,6,1,0
BRF:13
BRH:10
end_of_record
